{"/Users/huynhbang/benaus187-intern-repo/Onboarding-task/4.Clean-code/code-utils/price.js": {"path":"/Users/huynhbang/benaus187-intern-repo/Onboarding-task/4.Clean-code/code-utils/price.js","statementMap":{"0":{"start":{"line":2,"column":17},"end":{"line":2,"column":21}},"1":{"start":{"line":3,"column":21},"end":{"line":3,"column":25}},"2":{"start":{"line":6,"column":2},"end":{"line":6,"column":75}},"3":{"start":{"line":6,"column":29},"end":{"line":6,"column":75}},"4":{"start":{"line":7,"column":19},"end":{"line":12,"column":7}},"5":{"start":{"line":8,"column":4},"end":{"line":10,"column":5}},"6":{"start":{"line":9,"column":6},"end":{"line":9,"column":67}},"7":{"start":{"line":11,"column":4},"end":{"line":11,"column":35}},"8":{"start":{"line":13,"column":14},"end":{"line":13,"column":33}},"9":{"start":{"line":14,"column":2},"end":{"line":14,"column":53}},"10":{"start":{"line":17,"column":0},"end":{"line":17,"column":55}}},"fnMap":{"0":{"name":"calcTotal","decl":{"start":{"line":5,"column":9},"end":{"line":5,"column":18}},"loc":{"start":{"line":5,"column":26},"end":{"line":15,"column":1}},"line":5},"1":{"name":"(anonymous_1)","decl":{"start":{"line":7,"column":32},"end":{"line":7,"column":33}},"loc":{"start":{"line":7,"column":45},"end":{"line":12,"column":3}},"line":7}},"branchMap":{"0":{"loc":{"start":{"line":6,"column":2},"end":{"line":6,"column":75}},"type":"if","locations":[{"start":{"line":6,"column":2},"end":{"line":6,"column":75}},{"start":{},"end":{}}],"line":6},"1":{"loc":{"start":{"line":8,"column":4},"end":{"line":10,"column":5}},"type":"if","locations":[{"start":{"line":8,"column":4},"end":{"line":10,"column":5}},{"start":{},"end":{}}],"line":8},"2":{"loc":{"start":{"line":8,"column":8},"end":{"line":8,"column":73}},"type":"binary-expr","locations":[{"start":{"line":8,"column":8},"end":{"line":8,"column":11}},{"start":{"line":8,"column":15},"end":{"line":8,"column":43}},{"start":{"line":8,"column":47},"end":{"line":8,"column":73}}],"line":8}},"s":{"0":1,"1":1,"2":5,"3":1,"4":4,"5":4,"6":1,"7":3,"8":3,"9":3,"10":1},"f":{"0":5,"1":4},"b":{"0":[1,4],"1":[1,3],"2":[4,4,3]},"_coverageSchema":"1a1c01bbd47fc00a2c39e90264f33305004495a9","hash":"c9f9c2eb7e898ea2f3fce83a973bd37bcc355bdf"}
}
